<?xml version="1.0" encoding="UTF-8"?>
<!-- Generated by org.testng.reporters.JUnitReportReporter -->
<testsuite hostname="user-PC" name="testRunner.runner" tests="3" failures="0" timestamp="20 Sep 2020 17:03:18 GMT" time="136.373" errors="0">
  <testcase name="runScenario" time="40.928" classname="testRunner.runner"/>
  <testcase name="runScenario" time="61.336" classname="testRunner.runner"/>
  <testcase name="runScenario" time="34.109" classname="testRunner.runner"/>
</testsuite> <!-- testRunner.runner -->
