<?xml version="1.0" encoding="UTF-8"?>
<!-- Generated by org.testng.reporters.JUnitReportReporter -->
<testsuite hostname="user-PC" name="uitest.allurerep.App" tests="3" failures="0" timestamp="20 Sep 2020 15:38:15 GMT" time="168.254" errors="0">
  <testcase name="runScenario" time="79.091" classname="uitest.allurerep.App"/>
  <testcase name="runScenario" time="40.471" classname="uitest.allurerep.App"/>
  <testcase name="runScenario" time="48.692" classname="uitest.allurerep.App"/>
</testsuite> <!-- uitest.allurerep.App -->
